Arguments: 
  E:\nodejs\node.exe E:\nodejs\node_global\node_modules\yarn\bin\yarn.js

PATH: 
  D:\database\database\product\11.2.0\dbhome_1\bin;"C:\Program Files (x86)\Common Files\Oracle\Java\javapath;F:\JAVA\JDK\bin;F:\JAVA\JDK\jre\bin;";C:\Program Files (x86)\Intel\iCLS Client\;C:\Program Files\Intel\iCLS Client\;C:\Windows\system32;C:\Windows;C:\Windows\System32\Wbem;C:\Windows\System32\WindowsPowerShell\v1.0\;C:\Program Files (x86)\NVIDIA Corporation\PhysX\Common;C:\Program Files (x86)\Intel\Intel(R) Management Engine Components\DAL;C:\Program Files\Intel\Intel(R) Management Engine Components\DAL;C:\Program Files (x86)\Intel\Intel(R) Management Engine Components\IPT;C:\Program Files\Intel\Intel(R) Management Engine Components\IPT;C:\WINDOWS\system32;C:\WINDOWS;C:\WINDOWS\System32\Wbem;C:\WINDOWS\System32\WindowsPowerShell\v1.0\;C:\Program Files\Microsoft SQL Server\100\DTS\Binn\;C:\Program Files (x86)\Microsoft SQL Server\100\DTS\Binn\;E:\Git\cmd;E:\nodejs\;E:\Git\usr\bin;C:\Users\ASUS\AppData\Local\Microsoft\WindowsApps;E:\nodejs\node_global\node_modules\live-server;E:\nodejs\node_global;C:\Program Files\Bandizip\

Yarn version: 
  1.22.4

Node version: 
  12.16.1

Platform: 
  win32 x64

Trace: 
  Error: ENOENT: no such file or directory, copyfile 'C:\Users\ASUS\AppData\Local\Yarn\Cache\v6\npm-ms-2.1.2-d09d1f357b443f493382a8eb3ccd183872ae6009-integrity\node_modules\ms\readme.md' -> 'E:\Fullstack全栈\webpack\webpack-MPA\node_modules\@babel\core\node_modules\ms\readme.md'

npm manifest: 
  {
    "name": "webpack-MPA",
    "version": "1.0.0",
    "main": "index.js",
    "license": "MIT",
    "dependencies": {
      "@babel/cli": "^7.11.6",
      "@babel/core": "^7.11.6",
      "@babel/preset-env": "^7.11.5",
      "@babel/preset-react": "^7.10.4",
      "html-webpack-plugin": "^4.4.1",
      "react": "^16.13.1",
      "react-dom": "^16.13.1",
      "webpack": "^4.44.1",
      "webpack-cli": "^3.3.12"
    }
  }

yarn manifest: 
  No manifest

Lockfile: 
  # THIS IS AN AUTOGENERATED FILE. DO NOT EDIT THIS FILE DIRECTLY.
  # yarn lockfile v1
